[debug] [2021-03-21T23:16:36.507Z] ----------------------------------------------------------------------
[debug] [2021-03-21T23:16:36.509Z] Command:       C:\Program Files\nodejs\node.exe C:\Users\Mateus Coury\AppData\Roaming\npm\node_modules\firebase-tools\lib\bin\firebase.js init
[debug] [2021-03-21T23:16:36.510Z] CLI Version:   9.6.1
[debug] [2021-03-21T23:16:36.510Z] Platform:      win32
[debug] [2021-03-21T23:16:36.510Z] Node Version:  v14.15.1
[debug] [2021-03-21T23:16:36.551Z] Time:          Sun Mar 21 2021 20:16:36 GMT-0300 (Horário Padrão de Brasília)
[debug] [2021-03-21T23:16:36.552Z] ----------------------------------------------------------------------
[debug] [2021-03-21T23:16:36.552Z] 
[debug] [2021-03-21T23:16:36.602Z] > command requires scopes: ["email","openid","https://www.googleapis.com/auth/cloudplatformprojects.readonly","https://www.googleapis.com/auth/firebase","https://www.googleapis.com/auth/cloud-platform"]
[debug] [2021-03-21T23:16:36.604Z] > authorizing via signed-in user
[info] 
     ######## #### ########  ######## ########     ###     ######  ########
     ##        ##  ##     ## ##       ##     ##  ##   ##  ##       ##
     ######    ##  ########  ######   ########  #########  ######  ######
     ##        ##  ##    ##  ##       ##     ## ##     ##       ## ##
     ##       #### ##     ## ######## ########  ##     ##  ######  ########

You're about to initialize a Firebase project in this directory:

  C:\Users\Mateus Coury\Desktop\GitHubPortifolio\pagina-principal\mateuscoury.github.io\Projetos\frontend-onlinestore

[info] 
=== Project Setup
[info] 
[info] First, let's associate this project directory with a Firebase project.
[info] You can create multiple project aliases by running firebase use --add, 
[info] but for now we'll just set up a default project.
[info] 
[debug] [2021-03-21T23:17:06.658Z] > refreshing access token with scopes: []
[debug] [2021-03-21T23:17:06.659Z] >>> HTTP REQUEST POST https://www.googleapis.com/oauth2/v3/token  
 <request body omitted>
[debug] [2021-03-21T23:17:07.315Z] <<< HTTP RESPONSE 200 {"cache-control":"no-cache, no-store, max-age=0, must-revalidate","expires":"Mon, 01 Jan 1990 00:00:00 GMT","pragma":"no-cache","date":"Sun, 21 Mar 2021 23:17:07 GMT","content-type":"application/json; charset=utf-8","vary":"X-Origin, Referer, Origin,Accept-Encoding","server":"scaffolding on HTTPServer2","x-xss-protection":"0","x-frame-options":"SAMEORIGIN","x-content-type-options":"nosniff","alt-svc":"h3-29=\":443\"; ma=2592000,h3-T051=\":443\"; ma=2592000,h3-Q050=\":443\"; ma=2592000,h3-Q046=\":443\"; ma=2592000,h3-Q043=\":443\"; ma=2592000,quic=\":443\"; ma=2592000; v=\"46,43\"","accept-ranges":"none","transfer-encoding":"chunked"}
[debug] [2021-03-21T23:17:07.352Z] >>> [apiv2][query] GET https://firebase.googleapis.com/v1beta1/projects pageSize=100
[debug] [2021-03-21T23:17:08.761Z] <<< [apiv2][status] GET https://firebase.googleapis.com/v1beta1/projects 200
[debug] [2021-03-21T23:17:08.762Z] <<< [apiv2][body] GET https://firebase.googleapis.com/v1beta1/projects [omitted]
[info] i  Using project frontendonlinestore (FrontEndOnlineStore) 
[info] 
=== Hosting Setup
[info] 
[info] Your public directory is the folder (relative to your project directory) that
[info] will contain Hosting assets to be uploaded with firebase deploy. If you
[info] have a build process for your assets, use your build's output directory.
[info] 
